<?xml version="1.0" encoding="UTF-8"?>
<!-- Generated by org.testng.reporters.JUnitReportReporter -->
<testsuite hostname="RP" failures="0" tests="8" name="api.testCases.UserTestDD" time="10.464" errors="0" timestamp="2025-02-06T19:13:48 IST" skipped="0">
  <testcase classname="api.testCases.UserTestDD" name="testCreateUser" time="1.304"/>
  <testcase classname="api.testCases.UserTestDD" name="testCreateUser" time="1.274"/>
  <testcase classname="api.testCases.UserTestDD" name="testCreateUser" time="1.384"/>
  <testcase classname="api.testCases.UserTestDD" name="testCreateUser" time="1.388"/>
  <testcase classname="api.testCases.UserTestDD" name="testDeleteUser" time="1.348"/>
  <testcase classname="api.testCases.UserTestDD" name="testDeleteUser" time="1.247"/>
  <testcase classname="api.testCases.UserTestDD" name="testDeleteUser" time="1.266"/>
  <testcase classname="api.testCases.UserTestDD" name="testDeleteUser" time="1.253"/>
</testsuite> <!-- api.testCases.UserTestDD -->
