<?xml version="1.0" encoding="UTF-8"?>
<!-- Generated by org.testng.reporters.JUnitReportReporter -->
<testsuite hostname="RP" failures="0" tests="4" name="api.testCases.userTest2" time="10.082" errors="0" timestamp="2025-02-07T11:08:01 IST" skipped="0">
  <testcase classname="api.testCases.userTest2" name="testCreateUser" time="4.654"/>
  <testcase classname="api.testCases.userTest2" name="testGetUserData" time="1.431"/>
  <testcase classname="api.testCases.userTest2" name="testUpdateUser" time="2.780"/>
  <testcase classname="api.testCases.userTest2" name="testDeleteUser" time="1.217"/>
</testsuite> <!-- api.testCases.userTest2 -->
