<?xml version="1.0" encoding="UTF-8"?>
<!-- Generated by org.testng.reporters.JUnitReportReporter -->
<testsuite hostname="RP" failures="0" tests="4" name="api.testCases.userTest" time="8.212" errors="0" timestamp="2025-02-07T11:51:17 IST" skipped="0">
  <testcase classname="api.testCases.userTest" name="testCreateUser" time="3.283"/>
  <testcase classname="api.testCases.userTest" name="testGetUserData" time="1.235"/>
  <testcase classname="api.testCases.userTest" name="testUpdateUser" time="2.464"/>
  <testcase classname="api.testCases.userTest" name="testDeleteUser" time="1.230"/>
</testsuite> <!-- api.testCases.userTest -->
