<?xml version="1.0" encoding="UTF-8"?>
<!-- Generated by org.testng.reporters.JUnitReportReporter -->
<testsuite hostname="RP" failures="0" tests="4" name="api.testCases.userTest" time="13.532" errors="0" timestamp="2025-02-07T15:16:57 IST" skipped="0">
  <testcase classname="api.testCases.userTest" name="testCreateUser" time="4.897"/>
  <testcase classname="api.testCases.userTest" name="testGetUserData" time="2.528"/>
  <testcase classname="api.testCases.userTest" name="testUpdateUser" time="3.306"/>
  <testcase classname="api.testCases.userTest" name="testDeleteUser" time="2.801"/>
</testsuite> <!-- api.testCases.userTest -->
