<?xml version="1.0" encoding="UTF-8"?>
<!-- Generated by org.testng.reporters.JUnitReportReporter -->
<testsuite hostname="RP" failures="0" tests="4" name="api.testCases.userTest" time="12.313" errors="0" timestamp="2025-02-07T15:20:29 IST" skipped="0">
  <testcase classname="api.testCases.userTest" name="testCreateUser" time="5.094"/>
  <testcase classname="api.testCases.userTest" name="testGetUserData" time="1.885"/>
  <testcase classname="api.testCases.userTest" name="testUpdateUser" time="3.632"/>
  <testcase classname="api.testCases.userTest" name="testDeleteUser" time="1.702"/>
</testsuite> <!-- api.testCases.userTest -->
